<?xml version="1.0" encoding="UTF-8"?>
<robot generator="Robot 4.1 (Python 3.9.4 on win32)" generated="20210817 20:58:44.577" rpa="false" schemaversion="2">
<suite id="s1" name="Condicionais" source="C:\RobotXpert\start\condicionais.robot">
<test id="s1-t1" name="Carteira de Motorista">
<kw name="Set Variable" library="BuiltIn">
<var>${idade}</var>
<arg>17</arg>
<doc>Returns the given values which can then be assigned to a variables.</doc>
<msg timestamp="20210817 20:58:44.655" level="INFO">${idade} = 17</msg>
<status status="PASS" starttime="20210817 20:58:44.655" endtime="20210817 20:58:44.655"/>
</kw>
<if>
<branch type="IF" condition="${idade} &gt;= 18">
<kw name="Log To Console" library="BuiltIn">
<arg>Você pode tirar sua CNH</arg>
<doc>Logs the given message to the console.</doc>
<status status="NOT RUN" starttime="20210817 20:58:44.657" endtime="20210817 20:58:44.657"/>
</kw>
<status status="NOT RUN" starttime="20210817 20:58:44.656" endtime="20210817 20:58:44.657"/>
</branch>
<branch type="ELSE">
<kw name="Log To Console" library="BuiltIn">
<arg>Você pode andar de patinete</arg>
<doc>Logs the given message to the console.</doc>
<status status="PASS" starttime="20210817 20:58:44.657" endtime="20210817 20:58:44.658"/>
</kw>
<status status="PASS" starttime="20210817 20:58:44.657" endtime="20210817 20:58:44.658"/>
</branch>
<status status="PASS" starttime="20210817 20:58:44.656" endtime="20210817 20:58:44.658"/>
</if>
<status status="PASS" starttime="20210817 20:58:44.653" endtime="20210817 20:58:44.659"/>
</test>
<test id="s1-t2" name="Navegador">
<kw name="Set Variable" library="BuiltIn">
<var>${browser}</var>
<arg>Firefox</arg>
<doc>Returns the given values which can then be assigned to a variables.</doc>
<msg timestamp="20210817 20:58:44.662" level="INFO">${browser} = Firefox</msg>
<status status="PASS" starttime="20210817 20:58:44.662" endtime="20210817 20:58:44.662"/>
</kw>
<if>
<branch type="IF" condition="'${browser}' == 'Firefoxx'">
<kw name="Log To Console" library="BuiltIn">
<arg>Chamando o Firefox</arg>
<doc>Logs the given message to the console.</doc>
<status status="NOT RUN" starttime="20210817 20:58:44.663" endtime="20210817 20:58:44.663"/>
</kw>
<status status="NOT RUN" starttime="20210817 20:58:44.663" endtime="20210817 20:58:44.663"/>
</branch>
<branch type="ELSE IF" condition="'${browser}' == 'Chrome'">
<kw name="Log To Console" library="BuiltIn">
<arg>Chamando o Google Chrome</arg>
<doc>Logs the given message to the console.</doc>
<status status="NOT RUN" starttime="20210817 20:58:44.664" endtime="20210817 20:58:44.664"/>
</kw>
<status status="NOT RUN" starttime="20210817 20:58:44.663" endtime="20210817 20:58:44.664"/>
</branch>
<branch type="ELSE IF" condition="'${browser}' == 'WebKit'">
<kw name="Log To Console" library="BuiltIn">
<arg>chamando o Webkit</arg>
<doc>Logs the given message to the console.</doc>
<status status="NOT RUN" starttime="20210817 20:58:44.664" endtime="20210817 20:58:44.664"/>
</kw>
<status status="NOT RUN" starttime="20210817 20:58:44.664" endtime="20210817 20:58:44.664"/>
</branch>
<status status="PASS" starttime="20210817 20:58:44.663" endtime="20210817 20:58:44.664"/>
</if>
<tag>browser</tag>
<status status="PASS" starttime="20210817 20:58:44.661" endtime="20210817 20:58:44.665"/>
</test>
<doc>Trabalhando com Condicionais</doc>
<status status="PASS" starttime="20210817 20:58:44.582" endtime="20210817 20:58:44.668"/>
</suite>
<statistics>
<total>
<stat pass="2" fail="0" skip="0">All Tests</stat>
</total>
<tag>
<stat pass="1" fail="0" skip="0">browser</stat>
</tag>
<suite>
<stat pass="2" fail="0" skip="0" id="s1" name="Condicionais">Condicionais</stat>
</suite>
</statistics>
<errors>
</errors>
</robot>
